<?xml version="1.0" encoding="UTF-8"?>
<testsuites>
  <testsuite name="Z:\xampp\htdocs\test\devskiller-code-Y62P-PR2Y-WER7-S1F\tests" tests="28" assertions="28" errors="0" warnings="0" failures="0" skipped="0" time="0.055100">
    <testsuite name="App\Tests\Base\CompositeEncodingAlgorithmTest" file="Z:\xampp\htdocs\test\devskiller-code-Y62P-PR2Y-WER7-S1F\tests\Base\CompositeEncodingAlgorithmTest.php" tests="2" assertions="2" errors="0" warnings="0" failures="0" skipped="0" time="0.052749">
      <testcase name="testComposedAlgorithmsAreCalled" class="App\Tests\Base\CompositeEncodingAlgorithmTest" classname="App.Tests.Base.CompositeEncodingAlgorithmTest" file="Z:\xampp\htdocs\test\devskiller-code-Y62P-PR2Y-WER7-S1F\tests\Base\CompositeEncodingAlgorithmTest.php" line="21" assertions="1" time="0.051379"/>
      <testcase name="testEncodingWithEmptyAlgorithmsList" class="App\Tests\Base\CompositeEncodingAlgorithmTest" classname="App.Tests.Base.CompositeEncodingAlgorithmTest" file="Z:\xampp\htdocs\test\devskiller-code-Y62P-PR2Y-WER7-S1F\tests\Base\CompositeEncodingAlgorithmTest.php" line="36" assertions="1" time="0.001370"/>
    </testsuite>
    <testsuite name="App\Tests\Base\CompositeOffsetSubstitutionEncodingAlgorithmTest" file="Z:\xampp\htdocs\test\devskiller-code-Y62P-PR2Y-WER7-S1F\tests\Base\CompositeOffsetSubstitutionEncodingAlgorithmTest.php" tests="9" assertions="9" errors="0" warnings="0" failures="0" skipped="0" time="0.001726">
      <testsuite name="App\Tests\Base\CompositeOffsetSubstitutionEncodingAlgorithmTest::testValidEncoding" tests="6" assertions="6" errors="0" warnings="0" failures="0" skipped="0" time="0.001566">
        <testcase name="testValidEncoding with data set #0" class="App\Tests\Base\CompositeOffsetSubstitutionEncodingAlgorithmTest" classname="App.Tests.Base.CompositeOffsetSubstitutionEncodingAlgorithmTest" file="Z:\xampp\htdocs\test\devskiller-code-Y62P-PR2Y-WER7-S1F\tests\Base\CompositeOffsetSubstitutionEncodingAlgorithmTest.php" line="17" assertions="1" time="0.001360"/>
        <testcase name="testValidEncoding with data set #1" class="App\Tests\Base\CompositeOffsetSubstitutionEncodingAlgorithmTest" classname="App.Tests.Base.CompositeOffsetSubstitutionEncodingAlgorithmTest" file="Z:\xampp\htdocs\test\devskiller-code-Y62P-PR2Y-WER7-S1F\tests\Base\CompositeOffsetSubstitutionEncodingAlgorithmTest.php" line="17" assertions="1" time="0.000045"/>
        <testcase name="testValidEncoding with data set #2" class="App\Tests\Base\CompositeOffsetSubstitutionEncodingAlgorithmTest" classname="App.Tests.Base.CompositeOffsetSubstitutionEncodingAlgorithmTest" file="Z:\xampp\htdocs\test\devskiller-code-Y62P-PR2Y-WER7-S1F\tests\Base\CompositeOffsetSubstitutionEncodingAlgorithmTest.php" line="17" assertions="1" time="0.000033"/>
        <testcase name="testValidEncoding with data set #3" class="App\Tests\Base\CompositeOffsetSubstitutionEncodingAlgorithmTest" classname="App.Tests.Base.CompositeOffsetSubstitutionEncodingAlgorithmTest" file="Z:\xampp\htdocs\test\devskiller-code-Y62P-PR2Y-WER7-S1F\tests\Base\CompositeOffsetSubstitutionEncodingAlgorithmTest.php" line="17" assertions="1" time="0.000048"/>
        <testcase name="testValidEncoding with data set #4" class="App\Tests\Base\CompositeOffsetSubstitutionEncodingAlgorithmTest" classname="App.Tests.Base.CompositeOffsetSubstitutionEncodingAlgorithmTest" file="Z:\xampp\htdocs\test\devskiller-code-Y62P-PR2Y-WER7-S1F\tests\Base\CompositeOffsetSubstitutionEncodingAlgorithmTest.php" line="17" assertions="1" time="0.000042"/>
        <testcase name="testValidEncoding with data set #5" class="App\Tests\Base\CompositeOffsetSubstitutionEncodingAlgorithmTest" classname="App.Tests.Base.CompositeOffsetSubstitutionEncodingAlgorithmTest" file="Z:\xampp\htdocs\test\devskiller-code-Y62P-PR2Y-WER7-S1F\tests\Base\CompositeOffsetSubstitutionEncodingAlgorithmTest.php" line="17" assertions="1" time="0.000038"/>
      </testsuite>
      <testsuite name="App\Tests\Base\CompositeOffsetSubstitutionEncodingAlgorithmTest::testReverseOrder" tests="3" assertions="3" errors="0" warnings="0" failures="0" skipped="0" time="0.000160">
        <testcase name="testReverseOrder with data set #0" class="App\Tests\Base\CompositeOffsetSubstitutionEncodingAlgorithmTest" classname="App.Tests.Base.CompositeOffsetSubstitutionEncodingAlgorithmTest" file="Z:\xampp\htdocs\test\devskiller-code-Y62P-PR2Y-WER7-S1F\tests\Base\CompositeOffsetSubstitutionEncodingAlgorithmTest.php" line="42" assertions="1" time="0.000082"/>
        <testcase name="testReverseOrder with data set #1" class="App\Tests\Base\CompositeOffsetSubstitutionEncodingAlgorithmTest" classname="App.Tests.Base.CompositeOffsetSubstitutionEncodingAlgorithmTest" file="Z:\xampp\htdocs\test\devskiller-code-Y62P-PR2Y-WER7-S1F\tests\Base\CompositeOffsetSubstitutionEncodingAlgorithmTest.php" line="42" assertions="1" time="0.000031"/>
        <testcase name="testReverseOrder with data set #2" class="App\Tests\Base\CompositeOffsetSubstitutionEncodingAlgorithmTest" classname="App.Tests.Base.CompositeOffsetSubstitutionEncodingAlgorithmTest" file="Z:\xampp\htdocs\test\devskiller-code-Y62P-PR2Y-WER7-S1F\tests\Base\CompositeOffsetSubstitutionEncodingAlgorithmTest.php" line="42" assertions="1" time="0.000047"/>
      </testsuite>
    </testsuite>
    <testsuite name="App\Tests\Base\OffsetEncodingAlgorithmTest" file="Z:\xampp\htdocs\test\devskiller-code-Y62P-PR2Y-WER7-S1F\tests\Base\OffsetEncodingAlgorithmTest.php" tests="10" assertions="10" errors="0" warnings="0" failures="0" skipped="0" time="0.000334">
      <testsuite name="App\Tests\Base\OffsetEncodingAlgorithmTest::testValidEncoding" tests="9" assertions="9" errors="0" warnings="0" failures="0" skipped="0" time="0.000211">
        <testcase name="testValidEncoding with data set #0" class="App\Tests\Base\OffsetEncodingAlgorithmTest" classname="App.Tests.Base.OffsetEncodingAlgorithmTest" file="Z:\xampp\htdocs\test\devskiller-code-Y62P-PR2Y-WER7-S1F\tests\Base\OffsetEncodingAlgorithmTest.php" line="15" assertions="1" time="0.000060"/>
        <testcase name="testValidEncoding with data set #1" class="App\Tests\Base\OffsetEncodingAlgorithmTest" classname="App.Tests.Base.OffsetEncodingAlgorithmTest" file="Z:\xampp\htdocs\test\devskiller-code-Y62P-PR2Y-WER7-S1F\tests\Base\OffsetEncodingAlgorithmTest.php" line="15" assertions="1" time="0.000020"/>
        <testcase name="testValidEncoding with data set #2" class="App\Tests\Base\OffsetEncodingAlgorithmTest" classname="App.Tests.Base.OffsetEncodingAlgorithmTest" file="Z:\xampp\htdocs\test\devskiller-code-Y62P-PR2Y-WER7-S1F\tests\Base\OffsetEncodingAlgorithmTest.php" line="15" assertions="1" time="0.000018"/>
        <testcase name="testValidEncoding with data set #3" class="App\Tests\Base\OffsetEncodingAlgorithmTest" classname="App.Tests.Base.OffsetEncodingAlgorithmTest" file="Z:\xampp\htdocs\test\devskiller-code-Y62P-PR2Y-WER7-S1F\tests\Base\OffsetEncodingAlgorithmTest.php" line="15" assertions="1" time="0.000020"/>
        <testcase name="testValidEncoding with data set #4" class="App\Tests\Base\OffsetEncodingAlgorithmTest" classname="App.Tests.Base.OffsetEncodingAlgorithmTest" file="Z:\xampp\htdocs\test\devskiller-code-Y62P-PR2Y-WER7-S1F\tests\Base\OffsetEncodingAlgorithmTest.php" line="15" assertions="1" time="0.000019"/>
        <testcase name="testValidEncoding with data set #5" class="App\Tests\Base\OffsetEncodingAlgorithmTest" classname="App.Tests.Base.OffsetEncodingAlgorithmTest" file="Z:\xampp\htdocs\test\devskiller-code-Y62P-PR2Y-WER7-S1F\tests\Base\OffsetEncodingAlgorithmTest.php" line="15" assertions="1" time="0.000017"/>
        <testcase name="testValidEncoding with data set #6" class="App\Tests\Base\OffsetEncodingAlgorithmTest" classname="App.Tests.Base.OffsetEncodingAlgorithmTest" file="Z:\xampp\htdocs\test\devskiller-code-Y62P-PR2Y-WER7-S1F\tests\Base\OffsetEncodingAlgorithmTest.php" line="15" assertions="1" time="0.000018"/>
        <testcase name="testValidEncoding with data set #7" class="App\Tests\Base\OffsetEncodingAlgorithmTest" classname="App.Tests.Base.OffsetEncodingAlgorithmTest" file="Z:\xampp\htdocs\test\devskiller-code-Y62P-PR2Y-WER7-S1F\tests\Base\OffsetEncodingAlgorithmTest.php" line="15" assertions="1" time="0.000019"/>
        <testcase name="testValidEncoding with data set #8" class="App\Tests\Base\OffsetEncodingAlgorithmTest" classname="App.Tests.Base.OffsetEncodingAlgorithmTest" file="Z:\xampp\htdocs\test\devskiller-code-Y62P-PR2Y-WER7-S1F\tests\Base\OffsetEncodingAlgorithmTest.php" line="15" assertions="1" time="0.000019"/>
      </testsuite>
      <testsuite name="App\Tests\Base\OffsetEncodingAlgorithmTest::testIllegalParameters" tests="1" assertions="1" errors="0" warnings="0" failures="0" skipped="0" time="0.000122">
        <testcase name="testIllegalParameters with data set #0" class="App\Tests\Base\OffsetEncodingAlgorithmTest" classname="App.Tests.Base.OffsetEncodingAlgorithmTest" file="Z:\xampp\htdocs\test\devskiller-code-Y62P-PR2Y-WER7-S1F\tests\Base\OffsetEncodingAlgorithmTest.php" line="25" assertions="1" time="0.000122"/>
      </testsuite>
    </testsuite>
    <testsuite name="App\Tests\Base\SubstitutionEncodingAlgorithmTest" file="Z:\xampp\htdocs\test\devskiller-code-Y62P-PR2Y-WER7-S1F\tests\Base\SubstitutionEncodingAlgorithmTest.php" tests="7" assertions="7" errors="0" warnings="0" failures="0" skipped="0" time="0.000291">
      <testsuite name="App\Tests\Base\SubstitutionEncodingAlgorithmTest::testValidSubstitutions" tests="4" assertions="4" errors="0" warnings="0" failures="0" skipped="0" time="0.000164">
        <testcase name="testValidSubstitutions with data set #0" class="App\Tests\Base\SubstitutionEncodingAlgorithmTest" classname="App.Tests.Base.SubstitutionEncodingAlgorithmTest" file="Z:\xampp\htdocs\test\devskiller-code-Y62P-PR2Y-WER7-S1F\tests\Base\SubstitutionEncodingAlgorithmTest.php" line="15" assertions="1" time="0.000065"/>
        <testcase name="testValidSubstitutions with data set #1" class="App\Tests\Base\SubstitutionEncodingAlgorithmTest" classname="App.Tests.Base.SubstitutionEncodingAlgorithmTest" file="Z:\xampp\htdocs\test\devskiller-code-Y62P-PR2Y-WER7-S1F\tests\Base\SubstitutionEncodingAlgorithmTest.php" line="15" assertions="1" time="0.000026"/>
        <testcase name="testValidSubstitutions with data set #2" class="App\Tests\Base\SubstitutionEncodingAlgorithmTest" classname="App.Tests.Base.SubstitutionEncodingAlgorithmTest" file="Z:\xampp\htdocs\test\devskiller-code-Y62P-PR2Y-WER7-S1F\tests\Base\SubstitutionEncodingAlgorithmTest.php" line="15" assertions="1" time="0.000024"/>
        <testcase name="testValidSubstitutions with data set #3" class="App\Tests\Base\SubstitutionEncodingAlgorithmTest" classname="App.Tests.Base.SubstitutionEncodingAlgorithmTest" file="Z:\xampp\htdocs\test\devskiller-code-Y62P-PR2Y-WER7-S1F\tests\Base\SubstitutionEncodingAlgorithmTest.php" line="15" assertions="1" time="0.000048"/>
      </testsuite>
      <testsuite name="App\Tests\Base\SubstitutionEncodingAlgorithmTest::testIllegalSubstitutions" tests="3" assertions="3" errors="0" warnings="0" failures="0" skipped="0" time="0.000127">
        <testcase name="testIllegalSubstitutions with data set #0" class="App\Tests\Base\SubstitutionEncodingAlgorithmTest" classname="App.Tests.Base.SubstitutionEncodingAlgorithmTest" file="Z:\xampp\htdocs\test\devskiller-code-Y62P-PR2Y-WER7-S1F\tests\Base\SubstitutionEncodingAlgorithmTest.php" line="38" assertions="1" time="0.000074"/>
        <testcase name="testIllegalSubstitutions with data set #1" class="App\Tests\Base\SubstitutionEncodingAlgorithmTest" classname="App.Tests.Base.SubstitutionEncodingAlgorithmTest" file="Z:\xampp\htdocs\test\devskiller-code-Y62P-PR2Y-WER7-S1F\tests\Base\SubstitutionEncodingAlgorithmTest.php" line="38" assertions="1" time="0.000029"/>
        <testcase name="testIllegalSubstitutions with data set #2" class="App\Tests\Base\SubstitutionEncodingAlgorithmTest" classname="App.Tests.Base.SubstitutionEncodingAlgorithmTest" file="Z:\xampp\htdocs\test\devskiller-code-Y62P-PR2Y-WER7-S1F\tests\Base\SubstitutionEncodingAlgorithmTest.php" line="38" assertions="1" time="0.000025"/>
      </testsuite>
    </testsuite>
  </testsuite>
</testsuites>
